<?xml version="1.0" encoding="UTF-8"?>
<!-- Generated by org.testng.reporters.JUnitReportReporter -->
<testsuite hostname="DESKTOP-GRUJ0M8" failures="0" tests="4" name="runner.LoginRunnerFile" time="43.019" errors="2" timestamp="2024-08-24T21:38:54 IST" skipped="0">
  <testcase classname="runner.LoginRunnerFile" name="runScenario" time="10.117">
    <system-out>
      <![CDATA[Setting the text of the element:=By.id: email with data:=test@edurekha.com
Setting the text of the element:=By.id: pass with data:=welcome123
Clicking on the element with locator:=By.xpath: //button
Clicking on the element with locator:=By.xpath: //button]]>
    </system-out>
  </testcase> <!-- runScenario -->
  <testcase classname="runner.LoginRunnerFile" name="runScenario" time="10.114">
    <error message="element click intercepted: Element &lt;button value=&quot;1&quot; class=&quot;_42ft _4jy0 _6lth _4jy6 _4jy1 selected _51sy&quot; name=&quot;login&quot; data-testid=&quot;royal_login_button&quot; type=&quot;submit&quot; id=&quot;u_0_5_/p&quot;&gt;...&lt;/button&gt; is not clickable at point (781, 303). Other element would receive the click: &lt;div class=&quot;_3ixn&quot;&gt;&lt;/div&gt;
  (Session info: chrome=127.0.6533.100)
Build info: version: &#039;4.23.1&#039;, revision: &#039;656257d8e9&#039;
System info: os.name: &#039;Windows 11&#039;, os.arch: &#039;amd64&#039;, os.version: &#039;10.0&#039;, java.version: &#039;21.0.3&#039;
Driver info: org.openqa.selenium.chrome.ChromeDriver
Command: [cbdee16cca6a235bc98a7c4a0b559b3e, clickElement {id=f.CA813948D737D1A363A42AF2E8976CD0.d.B3258B440E5EAEED1717D68985E56B52.e.23}]
Capabilities {acceptInsecureCerts: false, browserName: chrome, browserVersion: 127.0.6533.100, chrome: {chromedriverVersion: 127.0.6533.119 (bdef6783a05..., userDataDir: C:\Users\bhara\AppData\Loca...}, fedcm:accounts: true, goog:chromeOptions: {debuggerAddress: localhost:52153}, networkConnectionEnabled: false, pageLoadStrategy: normal, platformName: windows, proxy: Proxy(), se:cdp: ws://localhost:52153/devtoo..., se:cdpVersion: 127.0.6533.100, setWindowRect: true, strictFileInteractability: false, timeouts: {implicit: 0, pageLoad: 300000, script: 30000}, unhandledPromptBehavior: dismiss and notify, webauthn:extension:credBlob: true, webauthn:extension:largeBlob: true, webauthn:extension:minPinLength: true, webauthn:extension:prf: true, webauthn:virtualAuthenticators: true}
Element: [[ChromeDriver: chrome on windows (cbdee16cca6a235bc98a7c4a0b559b3e)] -&gt; xpath: //button]
Session ID: cbdee16cca6a235bc98a7c4a0b559b3e" type="org.openqa.selenium.ElementClickInterceptedException">
      <![CDATA[org.openqa.selenium.ElementClickInterceptedException: element click intercepted: Element <button value="1" class="_42ft _4jy0 _6lth _4jy6 _4jy1 selected _51sy" name="login" data-testid="royal_login_button" type="submit" id="u_0_5_/p">...</button> is not clickable at point (781, 303). Other element would receive the click: <div class="_3ixn"></div>
  (Session info: chrome=127.0.6533.100)
Build info: version: '4.23.1', revision: '656257d8e9'
System info: os.name: 'Windows 11', os.arch: 'amd64', os.version: '10.0', java.version: '21.0.3'
Driver info: org.openqa.selenium.chrome.ChromeDriver
Command: [cbdee16cca6a235bc98a7c4a0b559b3e, clickElement {id=f.CA813948D737D1A363A42AF2E8976CD0.d.B3258B440E5EAEED1717D68985E56B52.e.23}]
Capabilities {acceptInsecureCerts: false, browserName: chrome, browserVersion: 127.0.6533.100, chrome: {chromedriverVersion: 127.0.6533.119 (bdef6783a05..., userDataDir: C:\Users\bhara\AppData\Loca...}, fedcm:accounts: true, goog:chromeOptions: {debuggerAddress: localhost:52153}, networkConnectionEnabled: false, pageLoadStrategy: normal, platformName: windows, proxy: Proxy(), se:cdp: ws://localhost:52153/devtoo..., se:cdpVersion: 127.0.6533.100, setWindowRect: true, strictFileInteractability: false, timeouts: {implicit: 0, pageLoad: 300000, script: 30000}, unhandledPromptBehavior: dismiss and notify, webauthn:extension:credBlob: true, webauthn:extension:largeBlob: true, webauthn:extension:minPinLength: true, webauthn:extension:prf: true, webauthn:virtualAuthenticators: true}
Element: [[ChromeDriver: chrome on windows (cbdee16cca6a235bc98a7c4a0b559b3e)] -> xpath: //button]
Session ID: cbdee16cca6a235bc98a7c4a0b559b3e
at java.base/jdk.internal.reflect.DirectConstructorHandleAccessor.newInstance(DirectConstructorHandleAccessor.java:62)
at java.base/java.lang.reflect.Constructor.newInstanceWithCaller(Constructor.java:502)
at java.base/java.lang.reflect.Constructor.newInstance(Constructor.java:486)
at org.openqa.selenium.remote.ErrorCodec.decode(ErrorCodec.java:167)
at org.openqa.selenium.remote.codec.w3c.W3CHttpResponseCodec.decode(W3CHttpResponseCodec.java:138)
at org.openqa.selenium.remote.codec.w3c.W3CHttpResponseCodec.decode(W3CHttpResponseCodec.java:50)
at org.openqa.selenium.remote.HttpCommandExecutor.execute(HttpCommandExecutor.java:190)
at org.openqa.selenium.remote.service.DriverCommandExecutor.invokeExecute(DriverCommandExecutor.java:216)
at org.openqa.selenium.remote.service.DriverCommandExecutor.execute(DriverCommandExecutor.java:174)
at org.openqa.selenium.remote.RemoteWebDriver.execute(RemoteWebDriver.java:545)
at org.openqa.selenium.remote.RemoteWebElement.execute(RemoteWebElement.java:223)
at org.openqa.selenium.remote.RemoteWebElement.click(RemoteWebElement.java:76)
at utilties.WebActions.click(WebActions.java:28)
at pages.FbLoginPage.clickLoginButton(FbLoginPage.java:36)
at step.definitions.Steps.click_on_login_button(Steps.java:42)
at ✽.Click on Login button(file:///D:/edureka11/workspace/seleniumbddproject/features/LoginMultipleSetofData.feature:9)
]]>
    </error>
    <system-out>
      <![CDATA[Setting the text of the element:=By.id: email with data:=mytest@edk.com
Setting the text of the element:=By.id: pass with data:=welcome123238749872
Clicking on the element with locator:=By.xpath: //button]]>
    </system-out>
  </testcase> <!-- runScenario -->
  <testcase classname="runner.LoginRunnerFile" name="runScenario" time="10.765">
    <system-out>
      <![CDATA[Setting the text of the element:=By.id: email with data:=test@edurekha.com
Setting the text of the element:=By.id: pass with data:=welcome123
Clicking on the element with locator:=By.xpath: //button
Clicking on the element with locator:=By.xpath: //button]]>
    </system-out>
  </testcase> <!-- runScenario -->
  <testcase classname="runner.LoginRunnerFile" name="runScenario" time="12.023">
    <error message="element click intercepted: Element &lt;button value=&quot;1&quot; class=&quot;_42ft _4jy0 _6lth _4jy6 _4jy1 selected _51sy&quot; name=&quot;login&quot; data-testid=&quot;royal_login_button&quot; type=&quot;submit&quot; id=&quot;u_0_5_gZ&quot;&gt;...&lt;/button&gt; is not clickable at point (781, 303). Other element would receive the click: &lt;div class=&quot;_3ixn&quot;&gt;&lt;/div&gt;
  (Session info: chrome=127.0.6533.100)
Build info: version: &#039;4.23.1&#039;, revision: &#039;656257d8e9&#039;
System info: os.name: &#039;Windows 11&#039;, os.arch: &#039;amd64&#039;, os.version: &#039;10.0&#039;, java.version: &#039;21.0.3&#039;
Driver info: org.openqa.selenium.chrome.ChromeDriver
Command: [138d7e527e45a9e74b7a615d71e2295e, clickElement {id=f.6C83A845D9722D6BC670F066CC5F2E63.d.0222DC11A7B1A7D5CC5BFB43D780D986.e.25}]
Capabilities {acceptInsecureCerts: false, browserName: chrome, browserVersion: 127.0.6533.100, chrome: {chromedriverVersion: 127.0.6533.119 (bdef6783a05..., userDataDir: C:\Users\bhara\AppData\Loca...}, fedcm:accounts: true, goog:chromeOptions: {debuggerAddress: localhost:52058}, networkConnectionEnabled: false, pageLoadStrategy: normal, platformName: windows, proxy: Proxy(), se:cdp: ws://localhost:52058/devtoo..., se:cdpVersion: 127.0.6533.100, setWindowRect: true, strictFileInteractability: false, timeouts: {implicit: 0, pageLoad: 300000, script: 30000}, unhandledPromptBehavior: dismiss and notify, webauthn:extension:credBlob: true, webauthn:extension:largeBlob: true, webauthn:extension:minPinLength: true, webauthn:extension:prf: true, webauthn:virtualAuthenticators: true}
Element: [[ChromeDriver: chrome on windows (138d7e527e45a9e74b7a615d71e2295e)] -&gt; xpath: //button]
Session ID: 138d7e527e45a9e74b7a615d71e2295e" type="org.openqa.selenium.ElementClickInterceptedException">
      <![CDATA[org.openqa.selenium.ElementClickInterceptedException: element click intercepted: Element <button value="1" class="_42ft _4jy0 _6lth _4jy6 _4jy1 selected _51sy" name="login" data-testid="royal_login_button" type="submit" id="u_0_5_gZ">...</button> is not clickable at point (781, 303). Other element would receive the click: <div class="_3ixn"></div>
  (Session info: chrome=127.0.6533.100)
Build info: version: '4.23.1', revision: '656257d8e9'
System info: os.name: 'Windows 11', os.arch: 'amd64', os.version: '10.0', java.version: '21.0.3'
Driver info: org.openqa.selenium.chrome.ChromeDriver
Command: [138d7e527e45a9e74b7a615d71e2295e, clickElement {id=f.6C83A845D9722D6BC670F066CC5F2E63.d.0222DC11A7B1A7D5CC5BFB43D780D986.e.25}]
Capabilities {acceptInsecureCerts: false, browserName: chrome, browserVersion: 127.0.6533.100, chrome: {chromedriverVersion: 127.0.6533.119 (bdef6783a05..., userDataDir: C:\Users\bhara\AppData\Loca...}, fedcm:accounts: true, goog:chromeOptions: {debuggerAddress: localhost:52058}, networkConnectionEnabled: false, pageLoadStrategy: normal, platformName: windows, proxy: Proxy(), se:cdp: ws://localhost:52058/devtoo..., se:cdpVersion: 127.0.6533.100, setWindowRect: true, strictFileInteractability: false, timeouts: {implicit: 0, pageLoad: 300000, script: 30000}, unhandledPromptBehavior: dismiss and notify, webauthn:extension:credBlob: true, webauthn:extension:largeBlob: true, webauthn:extension:minPinLength: true, webauthn:extension:prf: true, webauthn:virtualAuthenticators: true}
Element: [[ChromeDriver: chrome on windows (138d7e527e45a9e74b7a615d71e2295e)] -> xpath: //button]
Session ID: 138d7e527e45a9e74b7a615d71e2295e
at java.base/jdk.internal.reflect.DirectConstructorHandleAccessor.newInstance(DirectConstructorHandleAccessor.java:62)
at java.base/java.lang.reflect.Constructor.newInstanceWithCaller(Constructor.java:502)
at java.base/java.lang.reflect.Constructor.newInstance(Constructor.java:486)
at org.openqa.selenium.remote.ErrorCodec.decode(ErrorCodec.java:167)
at org.openqa.selenium.remote.codec.w3c.W3CHttpResponseCodec.decode(W3CHttpResponseCodec.java:138)
at org.openqa.selenium.remote.codec.w3c.W3CHttpResponseCodec.decode(W3CHttpResponseCodec.java:50)
at org.openqa.selenium.remote.HttpCommandExecutor.execute(HttpCommandExecutor.java:190)
at org.openqa.selenium.remote.service.DriverCommandExecutor.invokeExecute(DriverCommandExecutor.java:216)
at org.openqa.selenium.remote.service.DriverCommandExecutor.execute(DriverCommandExecutor.java:174)
at org.openqa.selenium.remote.RemoteWebDriver.execute(RemoteWebDriver.java:545)
at org.openqa.selenium.remote.RemoteWebElement.execute(RemoteWebElement.java:223)
at org.openqa.selenium.remote.RemoteWebElement.click(RemoteWebElement.java:76)
at utilties.WebActions.click(WebActions.java:28)
at pages.FbLoginPage.clickLoginButton(FbLoginPage.java:36)
at step.definitions.Steps.click_on_login_button(Steps.java:42)
at ✽.Click on Login button(file:///D:/edureka11/workspace/seleniumbddproject/features/Login.feature:16)
]]>
    </error>
    <system-out>
      <![CDATA[Setting the text of the element:=By.id: email with data:=test1@edurekha.com
Setting the text of the element:=By.id: pass with data:=welcome1234
Clicking on the element with locator:=By.xpath: //button]]>
    </system-out>
  </testcase> <!-- runScenario -->
  <system-out>
    <![CDATA[Setting the text of the element:=By.id: email with data:=test@edurekha.com
Setting the text of the element:=By.id: pass with data:=welcome123
Clicking on the element with locator:=By.xpath: //button
Clicking on the element with locator:=By.xpath: //button
Setting the text of the element:=By.id: email with data:=test1@edurekha.com
Setting the text of the element:=By.id: pass with data:=welcome1234
Clicking on the element with locator:=By.xpath: //button
Setting the text of the element:=By.id: email with data:=test@edurekha.com
Setting the text of the element:=By.id: pass with data:=welcome123
Clicking on the element with locator:=By.xpath: //button
Clicking on the element with locator:=By.xpath: //button
Setting the text of the element:=By.id: email with data:=mytest@edk.com
Setting the text of the element:=By.id: pass with data:=welcome123238749872
Clicking on the element with locator:=By.xpath: //button]]>
  </system-out>
</testsuite> <!-- runner.LoginRunnerFile -->
